app/build/outputs/logs/manifest-merger-release-report.txt
-- Merging decision tree log ---
manifest
ADDED from src\main\AndroidManifest.xml:2:1-41:12
INJECTED from src\main\AndroidManifest.xml:2:1-41:12
INJECTED from src\main\AndroidManifest.xml:2:1-41:12
INJECTED from src\main\AndroidManifest.xml:2:1-41:12
MERGED from [com.android.support:appcompat-v7:26.1.0] AndroidManifest.xml:17:1-31:12
MERGED from [com.android.support.constraint:constraint-layout:1.1.3] AndroidManifest.xml:2:1-11:12
MERGED from [io.reactivex.rxjava2:rxandroid:2.0.1] AndroidManifest.xml:15:1-21:12
MERGED from [com.hyxen.adlocusaar:adlocusaar:4.0.87] AndroidManifest.xml:2:1-83:12
MERGED from [com.google.firebase:firebase-messaging:17.1.0] AndroidManifest.xml:17:1-37:12
MERGED from [com.google.firebase:firebase-core:16.0.1] AndroidManifest.xml:2:1-9:12
MERGED from [com.google.firebase:firebase-measurement-connector-impl:16.0.1] AndroidManifest.xml:17:1-34:12
MERGED from [com.google.firebase:firebase-analytics:16.0.1] AndroidManifest.xml:17:1-55:12
MERGED from [com.google.firebase:firebase-analytics-impl:16.1.1] AndroidManifest.xml:17:1-40:12
MERGED from [com.google.firebase:firebase-iid:16.2.0] AndroidManifest.xml:17:1-65:12
MERGED from [com.google.firebase:firebase-iid-interop:16.0.0] AndroidManifest.xml:2:1-10:12
MERGED from [com.google.android.gms:play-services-base:15.0.1] AndroidManifest.xml:17:1-29:12
MERGED from [com.google.android.gms:play-services-ads:15.0.1] AndroidManifest.xml:17:1-25:12
MERGED from [com.android.support:multidex:1.0.2] AndroidManifest.xml:17:1-22:12
MERGED from [com.android.support:animated-vector-drawable:26.1.0] AndroidManifest.xml:17:1-28:12
MERGED from [com.android.support:support-vector-drawable:26.1.0] AndroidManifest.xml:17:1-28:12
MERGED from [com.android.support:customtabs:26.1.0] AndroidManifest.xml:17:1-28:12
MERGED from [com.google.firebase:firebase-common:16.0.0] AndroidManifest.xml:2:1-16:12
MERGED from [com.google.android.gms:play-services-tasks:15.0.1] AndroidManifest.xml:2:1-9:12
MERGED from [com.google.android.gms:play-services-ads-identifier:15.0.1] AndroidManifest.xml:17:1-24:12
MERGED from [com.google.android.gms:play-services-ads-lite:15.0.1] AndroidManifest.xml:17:1-36:12
MERGED from [com.google.android.gms:play-services-gass:15.0.1] AndroidManifest.xml:2:1-9:12
MERGED from [com.google.firebase:firebase-measurement-connector:16.0.0] AndroidManifest.xml:17:1-25:12
MERGED from [com.google.android.gms:play-services-stats:15.0.1] AndroidManifest.xml:2:1-9:12
MERGED from [com.google.android.gms:play-services-basement:15.0.1] AndroidManifest.xml:17:1-28:12
MERGED from [com.android.support:support-v4:26.1.0] AndroidManifest.xml:17:1-31:12
MERGED from [com.android.support:support-media-compat:26.1.0] AndroidManifest.xml:17:1-31:12
MERGED from [com.android.support:support-fragment:26.1.0] AndroidManifest.xml:17:1-31:12
MERGED from [com.android.support:support-core-utils:26.1.0] AndroidManifest.xml:17:1-31:12
MERGED from [com.android.support:support-core-ui:26.1.0] AndroidManifest.xml:17:1-31:12
MERGED from [com.android.support:support-compat:26.1.0] AndroidManifest.xml:17:1-31:12
MERGED from [com.google.android.gms:play-services-ads-base:15.0.1] AndroidManifest.xml:17:1-24:12
MERGED from [com.google.android.gms:play-services-measurement-base:16.0.0] AndroidManifest.xml:17:1-24:12
MERGED from [android.arch.lifecycle:runtime:1.0.0] AndroidManifest.xml:17:1-30:12
INJECTED from src\main\AndroidManifest.xml:2:1-41:12
INJECTED from src\main\AndroidManifest.xml:2:1-41:12
INJECTED from src\main\AndroidManifest.xml:2:1-41:12
	package
		ADDED from src\main\AndroidManifest.xml:3:5-22
		INJECTED from src\main\AndroidManifest.xml
		INJECTED from src\main\AndroidManifest.xml
	android:versionName
		INJECTED from src\main\AndroidManifest.xml
		ADDED from src\main\AndroidManifest.xml:2:1-41:12
		INJECTED from src\main\AndroidManifest.xml
	android:versionCode
		INJECTED from src\main\AndroidManifest.xml
		ADDED from src\main\AndroidManifest.xml:2:1-41:12
		INJECTED from src\main\AndroidManifest.xml
	xmlns:android
		ADDED from src\main\AndroidManifest.xml:2:11-69
uses-permission#android.permission.INTERNET
ADDED from src\main\AndroidManifest.xml:5:5-67
MERGED from [com.hyxen.adlocusaar:adlocusaar:4.0.87] AndroidManifest.xml:12:5-67
MERGED from [com.hyxen.adlocusaar:adlocusaar:4.0.87] AndroidManifest.xml:12:5-67
MERGED from [com.google.firebase:firebase-measurement-connector-impl:16.0.1] AndroidManifest.xml:22:5-67
MERGED from [com.google.firebase:firebase-measurement-connector-impl:16.0.1] AndroidManifest.xml:22:5-67
MERGED from [com.google.firebase:firebase-analytics:16.0.1] AndroidManifest.xml:23:5-67
MERGED from [com.google.firebase:firebase-analytics:16.0.1] AndroidManifest.xml:23:5-67
MERGED from [com.google.firebase:firebase-analytics-impl:16.1.1] AndroidManifest.xml:23:5-67
MERGED from [com.google.firebase:firebase-analytics-impl:16.1.1] AndroidManifest.xml:23:5-67
MERGED from [com.google.firebase:firebase-iid:16.2.0] AndroidManifest.xml:23:5-67
MERGED from [com.google.firebase:firebase-iid:16.2.0] AndroidManifest.xml:23:5-67
MERGED from [com.google.android.gms:play-services-ads-lite:15.0.1] AndroidManifest.xml:23:5-67
MERGED from [com.google.android.gms:play-services-ads-lite:15.0.1] AndroidManifest.xml:23:5-67
	android:name
		ADDED from src\main\AndroidManifest.xml:5:22-64
uses-permission#android.permission.ACCESS_COARSE_LOCATION
ADDED from src\main\AndroidManifest.xml:6:5-81
MERGED from [com.hyxen.adlocusaar:adlocusaar:4.0.87] AndroidManifest.xml:13:5-81
MERGED from [com.hyxen.adlocusaar:adlocusaar:4.0.87] AndroidManifest.xml:13:5-81
	android:name
		ADDED from src\main\AndroidManifest.xml:6:22-78
application
ADDED from src\main\AndroidManifest.xml:8:5-39:19
MERGED from [com.android.support:appcompat-v7:26.1.0] AndroidManifest.xml:25:5-29:19
MERGED from [com.android.support:appcompat-v7:26.1.0] AndroidManifest.xml:25:5-29:19
MERGED from [com.android.support.constraint:constraint-layout:1.1.3] AndroidManifest.xml:9:5-20
MERGED from [com.android.support.constraint:constraint-layout:1.1.3] AndroidManifest.xml:9:5-20
MERGED from [com.hyxen.adlocusaar:adlocusaar:4.0.87] AndroidManifest.xml:20:5-81:19
MERGED from [com.hyxen.adlocusaar:adlocusaar:4.0.87] AndroidManifest.xml:20:5-81:19
MERGED from [com.google.firebase:firebase-messaging:17.1.0] AndroidManifest.xml:22:5-35:19
MERGED from [com.google.firebase:firebase-messaging:17.1.0] AndroidManifest.xml:22:5-35:19
MERGED from [com.google.firebase:firebase-core:16.0.1] AndroidManifest.xml:7:5-20
MERGED from [com.google.firebase:firebase-core:16.0.1] AndroidManifest.xml:7:5-20
MERGED from [com.google.firebase:firebase-measurement-connector-impl:16.0.1] AndroidManifest.xml:26:5-32:19
MERGED from [com.google.firebase:firebase-measurement-connector-impl:16.0.1] AndroidManifest.xml:26:5-32:19
MERGED from [com.google.firebase:firebase-analytics:16.0.1] AndroidManifest.xml:28:5-53:19
MERGED from [com.google.firebase:firebase-analytics:16.0.1] AndroidManifest.xml:28:5-53:19
MERGED from [com.google.firebase:firebase-analytics-impl:16.1.1] AndroidManifest.xml:28:5-38:19
MERGED from [com.google.firebase:firebase-analytics-impl:16.1.1] AndroidManifest.xml:28:5-38:19
MERGED from [com.google.firebase:firebase-iid:16.2.0] AndroidManifest.xml:34:5-63:19
MERGED from [com.google.firebase:firebase-iid:16.2.0] AndroidManifest.xml:34:5-63:19
MERGED from [com.google.firebase:firebase-iid-interop:16.0.0] AndroidManifest.xml:7:5-8:19
MERGED from [com.google.firebase:firebase-iid-interop:16.0.0] AndroidManifest.xml:7:5-8:19
MERGED from [com.google.android.gms:play-services-base:15.0.1] AndroidManifest.xml:22:5-27:19
MERGED from [com.google.android.gms:play-services-base:15.0.1] AndroidManifest.xml:22:5-27:19
MERGED from [com.android.support:animated-vector-drawable:26.1.0] AndroidManifest.xml:22:5-26:19
MERGED from [com.android.support:animated-vector-drawable:26.1.0] AndroidManifest.xml:22:5-26:19
MERGED from [com.android.support:support-vector-drawable:26.1.0] AndroidManifest.xml:22:5-26:19
MERGED from [com.android.support:support-vector-drawable:26.1.0] AndroidManifest.xml:22:5-26:19
MERGED from [com.android.support:customtabs:26.1.0] AndroidManifest.xml:22:5-26:19
MERGED from [com.android.support:customtabs:26.1.0] AndroidManifest.xml:22:5-26:19
MERGED from [com.google.firebase:firebase-common:16.0.0] AndroidManifest.xml:8:5-14:19
MERGED from [com.google.firebase:firebase-common:16.0.0] AndroidManifest.xml:8:5-14:19
MERGED from [com.google.android.gms:play-services-tasks:15.0.1] AndroidManifest.xml:7:5-20
MERGED from [com.google.android.gms:play-services-tasks:15.0.1] AndroidManifest.xml:7:5-20
MERGED from [com.google.android.gms:play-services-ads-identifier:15.0.1] AndroidManifest.xml:22:5-20
MERGED from [com.google.android.gms:play-services-ads-identifier:15.0.1] AndroidManifest.xml:22:5-20
MERGED from [com.google.android.gms:play-services-ads-lite:15.0.1] AndroidManifest.xml:26:5-34:19
MERGED from [com.google.android.gms:play-services-ads-lite:15.0.1] AndroidManifest.xml:26:5-34:19
MERGED from [com.google.android.gms:play-services-gass:15.0.1] AndroidManifest.xml:7:5-20
MERGED from [com.google.android.gms:play-services-gass:15.0.1] AndroidManifest.xml:7:5-20
MERGED from [com.google.firebase:firebase-measurement-connector:16.0.0] AndroidManifest.xml:22:5-23:19
MERGED from [com.google.firebase:firebase-measurement-connector:16.0.0] AndroidManifest.xml:22:5-23:19
MERGED from [com.google.android.gms:play-services-stats:15.0.1] AndroidManifest.xml:7:5-20
MERGED from [com.google.android.gms:play-services-stats:15.0.1] AndroidManifest.xml:7:5-20
MERGED from [com.google.android.gms:play-services-basement:15.0.1] AndroidManifest.xml:22:5-26:19
MERGED from [com.google.android.gms:play-services-basement:15.0.1] AndroidManifest.xml:22:5-26:19
MERGED from [com.android.support:support-v4:26.1.0] AndroidManifest.xml:25:5-29:19
MERGED from [com.android.support:support-v4:26.1.0] AndroidManifest.xml:25:5-29:19
MERGED from [com.android.support:support-media-compat:26.1.0] AndroidManifest.xml:25:5-29:19
MERGED from [com.android.support:support-media-compat:26.1.0] AndroidManifest.xml:25:5-29:19
MERGED from [com.android.support:support-fragment:26.1.0] AndroidManifest.xml:25:5-29:19
MERGED from [com.android.support:support-fragment:26.1.0] AndroidManifest.xml:25:5-29:19
MERGED from [com.android.support:support-core-utils:26.1.0] AndroidManifest.xml:25:5-29:19
MERGED from [com.android.support:support-core-utils:26.1.0] AndroidManifest.xml:25:5-29:19
MERGED from [com.android.support:support-core-ui:26.1.0] AndroidManifest.xml:25:5-29:19
MERGED from [com.android.support:support-core-ui:26.1.0] AndroidManifest.xml:25:5-29:19
MERGED from [com.android.support:support-compat:26.1.0] AndroidManifest.xml:25:5-29:19
MERGED from [com.android.support:support-compat:26.1.0] AndroidManifest.xml:25:5-29:19
MERGED from [com.google.android.gms:play-services-ads-base:15.0.1] AndroidManifest.xml:22:5-20
MERGED from [com.google.android.gms:play-services-ads-base:15.0.1] AndroidManifest.xml:22:5-20
MERGED from [com.google.android.gms:play-services-measurement-base:16.0.0] AndroidManifest.xml:22:5-20
MERGED from [com.google.android.gms:play-services-measurement-base:16.0.0] AndroidManifest.xml:22:5-20
MERGED from [android.arch.lifecycle:runtime:1.0.0] AndroidManifest.xml:24:5-28:19
MERGED from [android.arch.lifecycle:runtime:1.0.0] AndroidManifest.xml:24:5-28:19
	android:supportsRtl
		ADDED from src\main\AndroidManifest.xml:13:9-35
	android:label
		ADDED from src\main\AndroidManifest.xml:11:9-41
	android:roundIcon
		ADDED from src\main\AndroidManifest.xml:12:9-54
	android:icon
		ADDED from src\main\AndroidManifest.xml:10:9-43
	android:allowBackup
		ADDED from src\main\AndroidManifest.xml:9:9-35
	android:theme
		ADDED from src\main\AndroidManifest.xml:14:9-40
activity#yfp.com.page2
ADDED from src\main\AndroidManifest.xml:15:9-51
	android:name
		ADDED from src\main\AndroidManifest.xml:15:19-39
activity#yfp.com.page3
ADDED from src\main\AndroidManifest.xml:16:9-51
	android:name
		ADDED from src\main\AndroidManifest.xml:16:19-39
activity#yfp.com.MainActivity
ADDED from src\main\AndroidManifest.xml:18:9-25:20
	android:name
		ADDED from src\main\AndroidManifest.xml:18:19-54
intent-filter#action:name:android.intent.action.MAIN+category:name:android.intent.category.LAUNCHER
ADDED from src\main\AndroidManifest.xml:20:13-24:29
action#android.intent.action.MAIN
ADDED from src\main\AndroidManifest.xml:21:17-69
	android:name
		ADDED from src\main\AndroidManifest.xml:21:25-66
category#android.intent.category.LAUNCHER
ADDED from src\main\AndroidManifest.xml:23:17-77
	android:name
		ADDED from src\main\AndroidManifest.xml:23:27-74
service#yfp.com.MyFirebaseInstanceIDService
ADDED from src\main\AndroidManifest.xml:27:9-32:19
	android:name
		ADDED from src\main\AndroidManifest.xml:28:13-63
intent-filter#action:name:com.google.firebase.INSTANCE_ID_EVENT
ADDED from src\main\AndroidManifest.xml:29:13-31:29
action#com.google.firebase.INSTANCE_ID_EVENT
ADDED from src\main\AndroidManifest.xml:30:17-79
	android:name
		ADDED from src\main\AndroidManifest.xml:30:25-77
service#yfp.com.MyFirebaseMessagingService
ADDED from src\main\AndroidManifest.xml:33:9-38:19
	android:name
		ADDED from src\main\AndroidManifest.xml:34:13-62
intent-filter#action:name:com.google.firebase.MESSAGING_EVENT
ADDED from src\main\AndroidManifest.xml:35:13-37:29
action#com.google.firebase.MESSAGING_EVENT
ADDED from src\main\AndroidManifest.xml:36:17-77
	android:name
		ADDED from src\main\AndroidManifest.xml:36:25-75
uses-sdk
INJECTED from src\main\AndroidManifest.xml reason: use-sdk injection requested
INJECTED from src\main\AndroidManifest.xml
INJECTED from src\main\AndroidManifest.xml
MERGED from [com.android.support:appcompat-v7:26.1.0] AndroidManifest.xml:21:5-23:78
MERGED from [com.android.support:appcompat-v7:26.1.0] AndroidManifest.xml:21:5-23:78
MERGED from [com.android.support.constraint:constraint-layout:1.1.3] AndroidManifest.xml:5:5-7:41
MERGED from [com.android.support.constraint:constraint-layout:1.1.3] AndroidManifest.xml:5:5-7:41
MERGED from [io.reactivex.rxjava2:rxandroid:2.0.1] AndroidManifest.xml:19:5-43
MERGED from [io.reactivex.rxjava2:rxandroid:2.0.1] AndroidManifest.xml:19:5-43
MERGED from [com.hyxen.adlocusaar:adlocusaar:4.0.87] AndroidManifest.xml:7:5-9:41
MERGED from [com.hyxen.adlocusaar:adlocusaar:4.0.87] AndroidManifest.xml:7:5-9:41
MERGED from [com.google.firebase:firebase-messaging:17.1.0] AndroidManifest.xml:20:5-44
MERGED from [com.google.firebase:firebase-messaging:17.1.0] AndroidManifest.xml:20:5-44
MERGED from [com.google.firebase:firebase-core:16.0.1] AndroidManifest.xml:5:5-44
MERGED from [com.google.firebase:firebase-core:16.0.1] AndroidManifest.xml:5:5-44
MERGED from [com.google.firebase:firebase-measurement-connector-impl:16.0.1] AndroidManifest.xml:20:5-44
MERGED from [com.google.firebase:firebase-measurement-connector-impl:16.0.1] AndroidManifest.xml:20:5-44
MERGED from [com.google.firebase:firebase-analytics:16.0.1] AndroidManifest.xml:20:5-44
MERGED from [com.google.firebase:firebase-analytics:16.0.1] AndroidManifest.xml:20:5-44
MERGED from [com.google.firebase:firebase-analytics-impl:16.1.1] AndroidManifest.xml:20:5-44
MERGED from [com.google.firebase:firebase-analytics-impl:16.1.1] AndroidManifest.xml:20:5-44
MERGED from [com.google.firebase:firebase-iid:16.2.0] AndroidManifest.xml:20:5-44
MERGED from [com.google.firebase:firebase-iid:16.2.0] AndroidManifest.xml:20:5-44
MERGED from [com.google.firebase:firebase-iid-interop:16.0.0] AndroidManifest.xml:5:5-44
MERGED from [com.google.firebase:firebase-iid-interop:16.0.0] AndroidManifest.xml:5:5-44
MERGED from [com.google.android.gms:play-services-base:15.0.1] AndroidManifest.xml:20:5-44
MERGED from [com.google.android.gms:play-services-base:15.0.1] AndroidManifest.xml:20:5-44
MERGED from [com.google.android.gms:play-services-ads:15.0.1] AndroidManifest.xml:21:5-23:62
MERGED from [com.google.android.gms:play-services-ads:15.0.1] AndroidManifest.xml:21:5-23:62
MERGED from [com.android.support:multidex:1.0.2] AndroidManifest.xml:20:5-43
MERGED from [com.android.support:multidex:1.0.2] AndroidManifest.xml:20:5-43
MERGED from [com.android.support:animated-vector-drawable:26.1.0] AndroidManifest.xml:20:5-44
MERGED from [com.android.support:animated-vector-drawable:26.1.0] AndroidManifest.xml:20:5-44
MERGED from [com.android.support:support-vector-drawable:26.1.0] AndroidManifest.xml:20:5-44
MERGED from [com.android.support:support-vector-drawable:26.1.0] AndroidManifest.xml:20:5-44
MERGED from [com.android.support:customtabs:26.1.0] AndroidManifest.xml:20:5-44
MERGED from [com.android.support:customtabs:26.1.0] AndroidManifest.xml:20:5-44
MERGED from [com.google.firebase:firebase-common:16.0.0] AndroidManifest.xml:5:5-6:37
MERGED from [com.google.firebase:firebase-common:16.0.0] AndroidManifest.xml:5:5-6:37
MERGED from [com.google.android.gms:play-services-tasks:15.0.1] AndroidManifest.xml:5:5-44
MERGED from [com.google.android.gms:play-services-tasks:15.0.1] AndroidManifest.xml:5:5-44
MERGED from [com.google.android.gms:play-services-ads-identifier:15.0.1] AndroidManifest.xml:20:5-44
MERGED from [com.google.android.gms:play-services-ads-identifier:15.0.1] AndroidManifest.xml:20:5-44
MERGED from [com.google.android.gms:play-services-ads-lite:15.0.1] AndroidManifest.xml:20:5-44
MERGED from [com.google.android.gms:play-services-ads-lite:15.0.1] AndroidManifest.xml:20:5-44
MERGED from [com.google.android.gms:play-services-gass:15.0.1] AndroidManifest.xml:5:5-44
MERGED from [com.google.android.gms:play-services-gass:15.0.1] AndroidManifest.xml:5:5-44
MERGED from [com.google.firebase:firebase-measurement-connector:16.0.0] AndroidManifest.xml:20:5-44
MERGED from [com.google.firebase:firebase-measurement-connector:16.0.0] AndroidManifest.xml:20:5-44
MERGED from [com.google.android.gms:play-services-stats:15.0.1] AndroidManifest.xml:5:5-44
MERGED from [com.google.android.gms:play-services-stats:15.0.1] AndroidManifest.xml:5:5-44
MERGED from [com.google.android.gms:play-services-basement:15.0.1] AndroidManifest.xml:20:5-44
MERGED from [com.google.android.gms:play-services-basement:15.0.1] AndroidManifest.xml:20:5-44
MERGED from [com.android.support:support-v4:26.1.0] AndroidManifest.xml:21:5-23:54
MERGED from [com.android.support:support-v4:26.1.0] AndroidManifest.xml:21:5-23:54
MERGED from [com.android.support:support-media-compat:26.1.0] AndroidManifest.xml:21:5-23:63
MERGED from [com.android.support:support-media-compat:26.1.0] AndroidManifest.xml:21:5-23:63
MERGED from [com.android.support:support-fragment:26.1.0] AndroidManifest.xml:21:5-23:60
MERGED from [com.android.support:support-fragment:26.1.0] AndroidManifest.xml:21:5-23:60
MERGED from [com.android.support:support-core-utils:26.1.0] AndroidManifest.xml:21:5-23:61
MERGED from [com.android.support:support-core-utils:26.1.0] AndroidManifest.xml:21:5-23:61
MERGED from [com.android.support:support-core-ui:26.1.0] AndroidManifest.xml:21:5-23:58
MERGED from [com.android.support:support-core-ui:26.1.0] AndroidManifest.xml:21:5-23:58
MERGED from [com.android.support:support-compat:26.1.0] AndroidManifest.xml:21:5-23:58
MERGED from [com.android.support:support-compat:26.1.0] AndroidManifest.xml:21:5-23:58
MERGED from [com.google.android.gms:play-services-ads-base:15.0.1] AndroidManifest.xml:20:5-44
MERGED from [com.google.android.gms:play-services-ads-base:15.0.1] AndroidManifest.xml:20:5-44
MERGED from [com.google.android.gms:play-services-measurement-base:16.0.0] AndroidManifest.xml:20:5-44
MERGED from [com.google.android.gms:play-services-measurement-base:16.0.0] AndroidManifest.xml:20:5-44
MERGED from [android.arch.lifecycle:runtime:1.0.0] AndroidManifest.xml:20:5-22:41
MERGED from [android.arch.lifecycle:runtime:1.0.0] AndroidManifest.xml:20:5-22:41
INJECTED from src\main\AndroidManifest.xml
INJECTED from src\main\AndroidManifest.xml
	tools:overrideLibrary
		ADDED from [com.android.support:appcompat-v7:26.1.0] AndroidManifest.xml:23:9-75
	android:targetSdkVersion
		INJECTED from src\main\AndroidManifest.xml
		ADDED from src\main\AndroidManifest.xml
		INJECTED from src\main\AndroidManifest.xml
	android:minSdkVersion
		INJECTED from src\main\AndroidManifest.xml
		ADDED from src\main\AndroidManifest.xml
		INJECTED from src\main\AndroidManifest.xml
meta-data#android.support.VERSION
ADDED from [com.android.support:appcompat-v7:26.1.0] AndroidManifest.xml:26:9-28:38
MERGED from [com.android.support:animated-vector-drawable:26.1.0] AndroidManifest.xml:23:9-25:38
MERGED from [com.android.support:animated-vector-drawable:26.1.0] AndroidManifest.xml:23:9-25:38
MERGED from [com.android.support:support-vector-drawable:26.1.0] AndroidManifest.xml:23:9-25:38
MERGED from [com.android.support:support-vector-drawable:26.1.0] AndroidManifest.xml:23:9-25:38
MERGED from [com.android.support:customtabs:26.1.0] AndroidManifest.xml:23:9-25:38
MERGED from [com.android.support:customtabs:26.1.0] AndroidManifest.xml:23:9-25:38
MERGED from [com.android.support:support-v4:26.1.0] AndroidManifest.xml:26:9-28:38
MERGED from [com.android.support:support-v4:26.1.0] AndroidManifest.xml:26:9-28:38
MERGED from [com.android.support:support-media-compat:26.1.0] AndroidManifest.xml:26:9-28:38
MERGED from [com.android.support:support-media-compat:26.1.0] AndroidManifest.xml:26:9-28:38
MERGED from [com.android.support:support-fragment:26.1.0] AndroidManifest.xml:26:9-28:38
MERGED from [com.android.support:support-fragment:26.1.0] AndroidManifest.xml:26:9-28:38
MERGED from [com.android.support:support-core-utils:26.1.0] AndroidManifest.xml:26:9-28:38
MERGED from [com.android.support:support-core-utils:26.1.0] AndroidManifest.xml:26:9-28:38
MERGED from [com.android.support:support-core-ui:26.1.0] AndroidManifest.xml:26:9-28:38
MERGED from [com.android.support:support-core-ui:26.1.0] AndroidManifest.xml:26:9-28:38
MERGED from [com.android.support:support-compat:26.1.0] AndroidManifest.xml:26:9-28:38
MERGED from [com.android.support:support-compat:26.1.0] AndroidManifest.xml:26:9-28:38
	android:value
		ADDED from [com.android.support:appcompat-v7:26.1.0] AndroidManifest.xml:28:13-35
	android:name
		ADDED from [com.android.support:appcompat-v7:26.1.0] AndroidManifest.xml:27:13-51
uses-permission#android.permission.ACCESS_WIFI_STATE
ADDED from [com.hyxen.adlocusaar:adlocusaar:4.0.87] AndroidManifest.xml:11:5-76
	android:name
		ADDED from [com.hyxen.adlocusaar:adlocusaar:4.0.87] AndroidManifest.xml:11:22-73
uses-permission#android.permission.ACCESS_FINE_LOCATION
ADDED from [com.hyxen.adlocusaar:adlocusaar:4.0.87] AndroidManifest.xml:14:5-79
	android:name
		ADDED from [com.hyxen.adlocusaar:adlocusaar:4.0.87] AndroidManifest.xml:14:22-76
uses-permission#android.permission.CHANGE_WIFI_STATE
ADDED from [com.hyxen.adlocusaar:adlocusaar:4.0.87] AndroidManifest.xml:15:5-76
	android:name
		ADDED from [com.hyxen.adlocusaar:adlocusaar:4.0.87] AndroidManifest.xml:15:22-73
uses-permission#android.permission.RECEIVE_BOOT_COMPLETED
ADDED from [com.hyxen.adlocusaar:adlocusaar:4.0.87] AndroidManifest.xml:16:5-81
	android:name
		ADDED from [com.hyxen.adlocusaar:adlocusaar:4.0.87] AndroidManifest.xml:16:22-78
uses-permission#android.permission.ACCESS_NETWORK_STATE
ADDED from [com.hyxen.adlocusaar:adlocusaar:4.0.87] AndroidManifest.xml:17:5-79
MERGED from [com.google.firebase:firebase-measurement-connector-impl:16.0.1] AndroidManifest.xml:23:5-79
MERGED from [com.google.firebase:firebase-measurement-connector-impl:16.0.1] AndroidManifest.xml:23:5-79
MERGED from [com.google.firebase:firebase-analytics:16.0.1] AndroidManifest.xml:24:5-79
MERGED from [com.google.firebase:firebase-analytics:16.0.1] AndroidManifest.xml:24:5-79
MERGED from [com.google.firebase:firebase-analytics-impl:16.1.1] AndroidManifest.xml:24:5-79
MERGED from [com.google.firebase:firebase-analytics-impl:16.1.1] AndroidManifest.xml:24:5-79
MERGED from [com.google.firebase:firebase-iid:16.2.0] AndroidManifest.xml:22:5-79
MERGED from [com.google.firebase:firebase-iid:16.2.0] AndroidManifest.xml:22:5-79
MERGED from [com.google.android.gms:play-services-ads-lite:15.0.1] AndroidManifest.xml:24:5-79
MERGED from [com.google.android.gms:play-services-ads-lite:15.0.1] AndroidManifest.xml:24:5-79
	android:name
		ADDED from [com.hyxen.adlocusaar:adlocusaar:4.0.87] AndroidManifest.xml:17:22-76
activity#com.hyxen.adlocusaar.view.BaseActivity
ADDED from [com.hyxen.adlocusaar:adlocusaar:4.0.87] AndroidManifest.xml:21:9-75
	android:name
		ADDED from [com.hyxen.adlocusaar:adlocusaar:4.0.87] AndroidManifest.xml:21:19-72
activity#com.hyxen.adlocusaar.view.main.AdLocusActivity
ADDED from [com.hyxen.adlocusaar:adlocusaar:4.0.87] AndroidManifest.xml:22:9-25:47
	android:excludeFromRecents
		ADDED from [com.hyxen.adlocusaar:adlocusaar:4.0.87] AndroidManifest.xml:24:13-46
	android:launchMode
		ADDED from [com.hyxen.adlocusaar:adlocusaar:4.0.87] AndroidManifest.xml:25:13-44
	android:name
		ADDED from [com.hyxen.adlocusaar:adlocusaar:4.0.87] AndroidManifest.xml:23:13-74
receiver#com.hyxen.adlocusaar.utils.CheckLbsReceiver
ADDED from [com.hyxen.adlocusaar:adlocusaar:4.0.87] AndroidManifest.xml:27:9-31:20
	android:name
		ADDED from [com.hyxen.adlocusaar:adlocusaar:4.0.87] AndroidManifest.xml:27:19-77
intent-filter#action:name:check_lbs
ADDED from [com.hyxen.adlocusaar:adlocusaar:4.0.87] AndroidManifest.xml:28:13-30:29
action#check_lbs
ADDED from [com.hyxen.adlocusaar:adlocusaar:4.0.87] AndroidManifest.xml:29:17-52
	android:name
		ADDED from [com.hyxen.adlocusaar:adlocusaar:4.0.87] AndroidManifest.xml:29:25-49
provider#com.hyxen.adlocusaar.util.MultiProcessPreferences
ADDED from [com.hyxen.adlocusaar:adlocusaar:4.0.87] AndroidManifest.xml:33:9-36:40
	android:authorities
		ADDED from [com.hyxen.adlocusaar:adlocusaar:4.0.87] AndroidManifest.xml:35:13-67
	android:exported
		ADDED from [com.hyxen.adlocusaar:adlocusaar:4.0.87] AndroidManifest.xml:36:13-37
	android:name
		ADDED from [com.hyxen.adlocusaar:adlocusaar:4.0.87] AndroidManifest.xml:34:13-77
activity#com.hyxen.adlocusaar.AdActivity
ADDED from [com.hyxen.adlocusaar:adlocusaar:4.0.87] AndroidManifest.xml:38:9-42:57
	android:excludeFromRecents
		ADDED from [com.hyxen.adlocusaar:adlocusaar:4.0.87] AndroidManifest.xml:40:13-46
	android:launchMode
		ADDED from [com.hyxen.adlocusaar:adlocusaar:4.0.87] AndroidManifest.xml:41:13-44
	android:theme
		ADDED from [com.hyxen.adlocusaar:adlocusaar:4.0.87] AndroidManifest.xml:42:13-54
	android:name
		ADDED from [com.hyxen.adlocusaar:adlocusaar:4.0.87] AndroidManifest.xml:39:13-59
activity#com.hyxen.adlocusaar.VideoAdActivity
ADDED from [com.hyxen.adlocusaar:adlocusaar:4.0.87] AndroidManifest.xml:43:9-47:47
	android:launchMode
		ADDED from [com.hyxen.adlocusaar:adlocusaar:4.0.87] AndroidManifest.xml:47:13-44
	android:hardwareAccelerated
		ADDED from [com.hyxen.adlocusaar:adlocusaar:4.0.87] AndroidManifest.xml:46:13-47
	android:configChanges
		ADDED from [com.hyxen.adlocusaar:adlocusaar:4.0.87] AndroidManifest.xml:45:13-122
	android:name
		ADDED from [com.hyxen.adlocusaar:adlocusaar:4.0.87] AndroidManifest.xml:44:13-64
service#com.hyxen.adlocusaar.push.PushService
ADDED from [com.hyxen.adlocusaar:adlocusaar:4.0.87] AndroidManifest.xml:49:9-51:42
	android:process
		ADDED from [com.hyxen.adlocusaar:adlocusaar:4.0.87] AndroidManifest.xml:51:13-39
	android:name
		ADDED from [com.hyxen.adlocusaar:adlocusaar:4.0.87] AndroidManifest.xml:50:13-65
service#com.hyxen.adlocusaar.geofence.GeofenceService
ADDED from [com.hyxen.adlocusaar:adlocusaar:4.0.87] AndroidManifest.xml:52:9-81
	android:name
		ADDED from [com.hyxen.adlocusaar:adlocusaar:4.0.87] AndroidManifest.xml:52:18-78
receiver#com.hyxen.adlocusaar.push.PushReceive
ADDED from [com.hyxen.adlocusaar:adlocusaar:4.0.87] AndroidManifest.xml:54:9-66:20
	android:process
		ADDED from [com.hyxen.adlocusaar:adlocusaar:4.0.87] AndroidManifest.xml:57:13-39
	android:enabled
		ADDED from [com.hyxen.adlocusaar:adlocusaar:4.0.87] AndroidManifest.xml:56:13-35
	android:name
		ADDED from [com.hyxen.adlocusaar:adlocusaar:4.0.87] AndroidManifest.xml:55:13-65
intent-filter#action:name:android.intent.action.BOOT_COMPLETED+category:name:android.intent.category.DEFAULT
ADDED from [com.hyxen.adlocusaar:adlocusaar:4.0.87] AndroidManifest.xml:58:13-62:29
action#android.intent.action.BOOT_COMPLETED
ADDED from [com.hyxen.adlocusaar:adlocusaar:4.0.87] AndroidManifest.xml:59:17-79
	android:name
		ADDED from [com.hyxen.adlocusaar:adlocusaar:4.0.87] AndroidManifest.xml:59:25-76
category#android.intent.category.DEFAULT
ADDED from [com.hyxen.adlocusaar:adlocusaar:4.0.87] AndroidManifest.xml:61:17-76
	android:name
		ADDED from [com.hyxen.adlocusaar:adlocusaar:4.0.87] AndroidManifest.xml:61:27-73
intent-filter#action:name:com.adlocus.action.RECEIVE
ADDED from [com.hyxen.adlocusaar:adlocusaar:4.0.87] AndroidManifest.xml:63:13-65:29
action#com.adlocus.action.RECEIVE
ADDED from [com.hyxen.adlocusaar:adlocusaar:4.0.87] AndroidManifest.xml:64:17-69
	android:name
		ADDED from [com.hyxen.adlocusaar:adlocusaar:4.0.87] AndroidManifest.xml:64:25-66
service#com.hyxen.adlocusaar.push.PushJobService
ADDED from [com.hyxen.adlocusaar:adlocusaar:4.0.87] AndroidManifest.xml:68:9-71:42
	android:process
		ADDED from [com.hyxen.adlocusaar:adlocusaar:4.0.87] AndroidManifest.xml:71:13-39
	android:permission
		ADDED from [com.hyxen.adlocusaar:adlocusaar:4.0.87] AndroidManifest.xml:70:13-69
	android:name
		ADDED from [com.hyxen.adlocusaar:adlocusaar:4.0.87] AndroidManifest.xml:69:13-68
receiver#com.hyxen.adlocusaar.push.alarm.clock.PushAlarmReceiver
ADDED from [com.hyxen.adlocusaar:adlocusaar:4.0.87] AndroidManifest.xml:73:9-80:20
	android:enabled
		ADDED from [com.hyxen.adlocusaar:adlocusaar:4.0.87] AndroidManifest.xml:75:13-35
	android:exported
		ADDED from [com.hyxen.adlocusaar:adlocusaar:4.0.87] AndroidManifest.xml:76:13-36
	android:name
		ADDED from [com.hyxen.adlocusaar:adlocusaar:4.0.87] AndroidManifest.xml:74:13-83